android/app/build/intermediates/manifest_merge_blame_file/debug/manifest-merger-blame-debug-report.txt
1<?xml version="1.0" encoding="utf-8"?>
2<manifest xmlns:android="http://schemas.android.com/apk/res/android"
3    package="com.android.see_you_in_ceu"
4    android:versionCode="1"
5    android:versionName="1.0.0" >
6
7    <uses-sdk
8        android:minSdkVersion="23"
9        android:targetSdkVersion="35" />
10    <!--
11         The INTERNET permission is required for development. Specifically,
12         the Flutter tool needs it to communicate with the running application
13         to allow setting breakpoints, to provide hot reload, etc.
14    -->
15    <uses-permission android:name="android.permission.INTERNET" />
15-->src\main\AndroidManifest.xml:2:5-66
15-->src\main\AndroidManifest.xml:2:22-64
16    <uses-permission android:name="android.permission.VIBRATE" />
16-->src\main\AndroidManifest.xml:3:5-66
16-->src\main\AndroidManifest.xml:3:22-63
17    <uses-permission android:name="android.permission.RECEIVE_BOOT_COMPLETED" />
17-->src\main\AndroidManifest.xml:4:5-80
17-->src\main\AndroidManifest.xml:4:22-78
18    <uses-permission android:name="android.permission.POST_NOTIFICATIONS" />
18-->src\main\AndroidManifest.xml:5:5-76
18-->src\main\AndroidManifest.xml:5:22-74
19
20    <uses-feature
20-->src\main\AndroidManifest.xml:6:5-90
21        android:name="android.hardware.touchscreen"
21-->src\main\AndroidManifest.xml:6:19-62
22        android:required="false" />
22-->src\main\AndroidManifest.xml:6:63-87
23    <uses-feature
23-->src\main\AndroidManifest.xml:7:5-88
24        android:name="android.hardware.faketouch"
24-->src\main\AndroidManifest.xml:7:19-60
25        android:required="false" />
25-->src\main\AndroidManifest.xml:7:61-85
26    <!--
27 Required to query activities that can process text, see:
28         https://developer.android.com/training/package-visibility and
29         https://developer.android.com/reference/android/content/Intent#ACTION_PROCESS_TEXT.
30
31         In particular, this is used by the Flutter engine in io.flutter.plugin.text.ProcessTextPlugin.
32    -->
33    <queries>
33-->src\main\AndroidManifest.xml:64:5-69:15
34        <intent>
34-->src\main\AndroidManifest.xml:65:9-68:18
35            <action android:name="android.intent.action.PROCESS_TEXT" />
35-->src\main\AndroidManifest.xml:66:13-72
35-->src\main\AndroidManifest.xml:66:21-70
36
37            <data android:mimeType="text/plain" />
37-->src\main\AndroidManifest.xml:67:13-50
37-->src\main\AndroidManifest.xml:67:19-48
38        </intent>
39    </queries>
40
41    <uses-permission android:name="android.permission.ACCESS_NETWORK_STATE" />
41-->[:firebase_analytics] AndroidManifest.xml:7:5-79
41-->[:firebase_analytics] AndroidManifest.xml:7:22-76
42    <uses-permission android:name="android.permission.WAKE_LOCK" />
42-->[:firebase_analytics] AndroidManifest.xml:9:5-68
42-->[:firebase_analytics] AndroidManifest.xml:9:22-65
43    <uses-permission android:name="com.google.android.gms.permission.AD_ID" />
43-->[com.google.android.gms:play-services-measurement-api:22.4.0] AndroidManifest.xml:25:5-79
43-->[com.google.android.gms:play-services-measurement-api:22.4.0] AndroidManifest.xml:25:22-76
44    <uses-permission android:name="android.permission.ACCESS_ADSERVICES_ATTRIBUTION" />
44-->[com.google.android.gms:play-services-measurement-api:22.4.0] AndroidManifest.xml:26:5-88
44-->[com.google.android.gms:play-services-measurement-api:22.4.0] AndroidManifest.xml:26:22-85
45    <uses-permission android:name="android.permission.ACCESS_ADSERVICES_AD_ID" /> <!-- Required by older versions of Google Play services to create IID tokens -->
45-->[com.google.android.gms:play-services-measurement-api:22.4.0] AndroidManifest.xml:27:5-82
45-->[com.google.android.gms:play-services-measurement-api:22.4.0] AndroidManifest.xml:27:22-79
46    <uses-permission android:name="com.google.android.c2dm.permission.RECEIVE" />
46-->[com.google.firebase:firebase-messaging:24.1.1] AndroidManifest.xml:26:5-82
46-->[com.google.firebase:firebase-messaging:24.1.1] AndroidManifest.xml:26:22-79
47    <uses-permission android:name="com.google.android.providers.gsf.permission.READ_GSERVICES" />
47-->[com.google.android.recaptcha:recaptcha:18.6.1] AndroidManifest.xml:9:5-98
47-->[com.google.android.recaptcha:recaptcha:18.6.1] AndroidManifest.xml:9:22-95
48    <uses-permission android:name="com.google.android.finsky.permission.BIND_GET_INSTALL_REFERRER_SERVICE" />
48-->[com.google.android.gms:play-services-measurement:22.4.0] AndroidManifest.xml:26:5-110
48-->[com.google.android.gms:play-services-measurement:22.4.0] AndroidManifest.xml:26:22-107
49
50    <permission
50-->[androidx.core:core:1.9.0] AndroidManifest.xml:22:5-24:47
51        android:name="com.android.see_you_in_ceu.DYNAMIC_RECEIVER_NOT_EXPORTED_PERMISSION"
51-->[androidx.core:core:1.9.0] AndroidManifest.xml:23:9-81
52        android:protectionLevel="signature" />
52-->[androidx.core:core:1.9.0] AndroidManifest.xml:24:9-44
53
54    <uses-permission android:name="com.android.see_you_in_ceu.DYNAMIC_RECEIVER_NOT_EXPORTED_PERMISSION" />
54-->[androidx.core:core:1.9.0] AndroidManifest.xml:26:5-97
54-->[androidx.core:core:1.9.0] AndroidManifest.xml:26:22-94
55
56    <application
56-->src\main\AndroidManifest.xml:8:5-58:19
57        android:name="com.android.see_you_in_ceu.MyApplication"
57-->src\main\AndroidManifest.xml:10:9-38
58        android:appComponentFactory="androidx.core.app.CoreComponentFactory"
58-->[androidx.core:core:1.9.0] AndroidManifest.xml:28:18-86
59        android:debuggable="true"
60        android:extractNativeLibs="false"
61        android:icon="@mipmap/ic_launcher"
61-->src\main\AndroidManifest.xml:11:9-43
62        android:label="see_you_in_ceu" >
62-->src\main\AndroidManifest.xml:9:9-39
63        <activity
63-->src\main\AndroidManifest.xml:12:9-33:20
64            android:name="com.android.see_you_in_ceu.MainActivity"
64-->src\main\AndroidManifest.xml:13:13-41
65            android:configChanges="orientation|keyboardHidden|keyboard|screenSize|smallestScreenSize|locale|layoutDirection|fontScale|screenLayout|density|uiMode"
65-->src\main\AndroidManifest.xml:18:13-163
66            android:exported="true"
66-->src\main\AndroidManifest.xml:14:13-36
67            android:hardwareAccelerated="true"
67-->src\main\AndroidManifest.xml:19:13-47
68            android:launchMode="singleTop"
68-->src\main\AndroidManifest.xml:15:13-43
69            android:taskAffinity=""
69-->src\main\AndroidManifest.xml:16:13-36
70            android:theme="@style/LaunchTheme"
70-->src\main\AndroidManifest.xml:17:13-47
71            android:windowSoftInputMode="adjustResize" >
71-->src\main\AndroidManifest.xml:20:13-55
72
73            <!--
74                 Specifies an Android theme to apply to this Activity as soon as
75                 the Android process has started. This theme is visible to the user
76                 while the Flutter UI initializes. After that, this theme continues
77                 to determine the Window background behind the Flutter UI.
78            -->
79            <meta-data
79-->src\main\AndroidManifest.xml:25:13-28:17
80                android:name="io.flutter.embedding.android.NormalTheme"
80-->src\main\AndroidManifest.xml:26:15-70
81                android:resource="@style/NormalTheme" />
81-->src\main\AndroidManifest.xml:27:15-52
82
83            <intent-filter>
83-->src\main\AndroidManifest.xml:29:13-32:29
84                <action android:name="android.intent.action.MAIN" />
84-->src\main\AndroidManifest.xml:30:17-68
84-->src\main\AndroidManifest.xml:30:25-66
85
86                <category android:name="android.intent.category.LAUNCHER" />
86-->src\main\AndroidManifest.xml:31:17-76
86-->src\main\AndroidManifest.xml:31:27-74
87            </intent-filter>
88        </activity>
89
90        <!-- Firebase Messaging Service -->
91        <!--
92        <service
93            android:name="io.flutter.plugins.firebase.messaging.FlutterFirebaseMessagingService"
94            android:exported="false">
95            <intent-filter>
96                <action android:name="com.google.firebase.MESSAGING_EVENT" />
97            </intent-filter>
98        </service>
99        -->
100
101
102        <!-- Set custom default notification channel -->
103        <!--
104        <meta-data
105            android:name="com.google.firebase.messaging.default_notification_channel_id"
106            android:value="lost_found_channel" />
107        -->
108
109
110        <!--
111             Don't delete the meta-data below.
112             This is used by the Flutter tool to generate GeneratedPluginRegistrant.java
113        -->
114        <meta-data
114-->src\main\AndroidManifest.xml:55:9-57:33
115            android:name="flutterEmbedding"
115-->src\main\AndroidManifest.xml:56:13-44
116            android:value="2" />
116-->src\main\AndroidManifest.xml:57:13-30
117
118        <service
118-->[:cloud_firestore] AndroidManifest.xml:8:9-12:19
119            android:name="com.google.firebase.components.ComponentDiscoveryService"
119-->[:cloud_firestore] AndroidManifest.xml:8:18-89
120            android:directBootAware="true"
120-->[com.google.firebase:firebase-common:21.0.0] AndroidManifest.xml:32:13-43
121            android:exported="false" >
121-->[com.google.firebase:firebase-firestore:25.1.3] AndroidManifest.xml:16:13-37
122            <meta-data
122-->[:cloud_firestore] AndroidManifest.xml:9:13-11:85
123                android:name="com.google.firebase.components:io.flutter.plugins.firebase.firestore.FlutterFirebaseFirestoreRegistrar"
123-->[:cloud_firestore] AndroidManifest.xml:10:17-134
124                android:value="com.google.firebase.components.ComponentRegistrar" />
124-->[:cloud_firestore] AndroidManifest.xml:11:17-82
125            <meta-data
125-->[:firebase_analytics] AndroidManifest.xml:13:13-15:85
126                android:name="com.google.firebase.components:io.flutter.plugins.firebase.analytics.FlutterFirebaseAppRegistrar"
126-->[:firebase_analytics] AndroidManifest.xml:14:17-128
127                android:value="com.google.firebase.components.ComponentRegistrar" />
127-->[:firebase_analytics] AndroidManifest.xml:15:17-82
128            <meta-data
128-->[:firebase_auth] AndroidManifest.xml:9:13-11:85
129                android:name="com.google.firebase.components:io.flutter.plugins.firebase.auth.FlutterFirebaseAuthRegistrar"
129-->[:firebase_auth] AndroidManifest.xml:10:17-124
130                android:value="com.google.firebase.components.ComponentRegistrar" />
130-->[:firebase_auth] AndroidManifest.xml:11:17-82
131            <meta-data
131-->[:firebase_database] AndroidManifest.xml:9:13-11:85
132                android:name="com.google.firebase.components:io.flutter.plugins.firebase.database.FlutterFirebaseAppRegistrar"
132-->[:firebase_database] AndroidManifest.xml:10:17-127
133                android:value="com.google.firebase.components.ComponentRegistrar" />
133-->[:firebase_database] AndroidManifest.xml:11:17-82
134            <meta-data
134-->[:firebase_messaging] AndroidManifest.xml:36:13-38:85
135                android:name="com.google.firebase.components:io.flutter.plugins.firebase.messaging.FlutterFirebaseAppRegistrar"
135-->[:firebase_messaging] AndroidManifest.xml:37:17-128
136                android:value="com.google.firebase.components.ComponentRegistrar" />
136-->[:firebase_messaging] AndroidManifest.xml:38:17-82
137            <meta-data
137-->[:firebase_storage] AndroidManifest.xml:9:13-11:85
138                android:name="com.google.firebase.components:io.flutter.plugins.firebase.storage.FlutterFirebaseAppRegistrar"
138-->[:firebase_storage] AndroidManifest.xml:10:17-126
139                android:value="com.google.firebase.components.ComponentRegistrar" />
139-->[:firebase_storage] AndroidManifest.xml:11:17-82
140            <meta-data
140-->[:firebase_core] AndroidManifest.xml:9:13-11:85
141                android:name="com.google.firebase.components:io.flutter.plugins.firebase.core.FlutterFirebaseCoreRegistrar"
141-->[:firebase_core] AndroidManifest.xml:10:17-124
142                android:value="com.google.firebase.components.ComponentRegistrar" />
142-->[:firebase_core] AndroidManifest.xml:11:17-82
143            <meta-data
143-->[com.google.firebase:firebase-firestore:25.1.3] AndroidManifest.xml:17:13-19:85
144                android:name="com.google.firebase.components:com.google.firebase.firestore.FirebaseFirestoreKtxRegistrar"
144-->[com.google.firebase:firebase-firestore:25.1.3] AndroidManifest.xml:18:17-122
145                android:value="com.google.firebase.components.ComponentRegistrar" />
145-->[com.google.firebase:firebase-firestore:25.1.3] AndroidManifest.xml:19:17-82
146            <meta-data
146-->[com.google.firebase:firebase-firestore:25.1.3] AndroidManifest.xml:20:13-22:85
147                android:name="com.google.firebase.components:com.google.firebase.firestore.FirestoreRegistrar"
147-->[com.google.firebase:firebase-firestore:25.1.3] AndroidManifest.xml:21:17-111
148                android:value="com.google.firebase.components.ComponentRegistrar" />
148-->[com.google.firebase:firebase-firestore:25.1.3] AndroidManifest.xml:22:17-82
149            <meta-data
149-->[com.google.firebase:firebase-storage:21.0.1] AndroidManifest.xml:30:13-32:85
150                android:name="com.google.firebase.components:com.google.firebase.storage.FirebaseStorageKtxRegistrar"
150-->[com.google.firebase:firebase-storage:21.0.1] AndroidManifest.xml:31:17-118
151                android:value="com.google.firebase.components.ComponentRegistrar" />
151-->[com.google.firebase:firebase-storage:21.0.1] AndroidManifest.xml:32:17-82
152            <meta-data
152-->[com.google.firebase:firebase-storage:21.0.1] AndroidManifest.xml:33:13-35:85
153                android:name="com.google.firebase.components:com.google.firebase.storage.StorageRegistrar"
153-->[com.google.firebase:firebase-storage:21.0.1] AndroidManifest.xml:34:17-107
154                android:value="com.google.firebase.components.ComponentRegistrar" />
154-->[com.google.firebase:firebase-storage:21.0.1] AndroidManifest.xml:35:17-82
155            <meta-data
155-->[com.google.android.gms:play-services-measurement-api:22.4.0] AndroidManifest.xml:33:13-35:85
156                android:name="com.google.firebase.components:com.google.firebase.analytics.connector.internal.AnalyticsConnectorRegistrar"
156-->[com.google.android.gms:play-services-measurement-api:22.4.0] AndroidManifest.xml:34:17-139
157                android:value="com.google.firebase.components.ComponentRegistrar" />
157-->[com.google.android.gms:play-services-measurement-api:22.4.0] AndroidManifest.xml:35:17-82
158            <meta-data
158-->[com.google.firebase:firebase-auth:23.2.0] AndroidManifest.xml:69:13-71:85
159                android:name="com.google.firebase.components:com.google.firebase.auth.FirebaseAuthRegistrar"
159-->[com.google.firebase:firebase-auth:23.2.0] AndroidManifest.xml:70:17-109
160                android:value="com.google.firebase.components.ComponentRegistrar" />
160-->[com.google.firebase:firebase-auth:23.2.0] AndroidManifest.xml:71:17-82
161            <meta-data
161-->[com.google.firebase:firebase-database:21.0.0] AndroidManifest.xml:29:13-31:85
162                android:name="com.google.firebase.components:com.google.firebase.database.FirebaseDatabaseKtxRegistrar"
162-->[com.google.firebase:firebase-database:21.0.0] AndroidManifest.xml:30:17-120
163                android:value="com.google.firebase.components.ComponentRegistrar" />
163-->[com.google.firebase:firebase-database:21.0.0] AndroidManifest.xml:31:17-82
164            <meta-data
164-->[com.google.firebase:firebase-database:21.0.0] AndroidManifest.xml:32:13-34:85
165                android:name="com.google.firebase.components:com.google.firebase.database.DatabaseRegistrar"
165-->[com.google.firebase:firebase-database:21.0.0] AndroidManifest.xml:33:17-109
166                android:value="com.google.firebase.components.ComponentRegistrar" />
166-->[com.google.firebase:firebase-database:21.0.0] AndroidManifest.xml:34:17-82
167            <meta-data
167-->[com.google.firebase:firebase-messaging:24.1.1] AndroidManifest.xml:57:13-59:85
168                android:name="com.google.firebase.components:com.google.firebase.messaging.FirebaseMessagingKtxRegistrar"
168-->[com.google.firebase:firebase-messaging:24.1.1] AndroidManifest.xml:58:17-122
169                android:value="com.google.firebase.components.ComponentRegistrar" />
169-->[com.google.firebase:firebase-messaging:24.1.1] AndroidManifest.xml:59:17-82
170            <meta-data
170-->[com.google.firebase:firebase-messaging:24.1.1] AndroidManifest.xml:60:13-62:85
171                android:name="com.google.firebase.components:com.google.firebase.messaging.FirebaseMessagingRegistrar"
171-->[com.google.firebase:firebase-messaging:24.1.1] AndroidManifest.xml:61:17-119
172                android:value="com.google.firebase.components.ComponentRegistrar" />
172-->[com.google.firebase:firebase-messaging:24.1.1] AndroidManifest.xml:62:17-82
173            <meta-data
173-->[com.google.firebase:firebase-appcheck:18.0.0] AndroidManifest.xml:25:13-27:85
174                android:name="com.google.firebase.components:com.google.firebase.appcheck.FirebaseAppCheckKtxRegistrar"
174-->[com.google.firebase:firebase-appcheck:18.0.0] AndroidManifest.xml:26:17-120
175                android:value="com.google.firebase.components.ComponentRegistrar" />
175-->[com.google.firebase:firebase-appcheck:18.0.0] AndroidManifest.xml:27:17-82
176            <meta-data
176-->[com.google.firebase:firebase-appcheck:18.0.0] AndroidManifest.xml:28:13-30:85
177                android:name="com.google.firebase.components:com.google.firebase.appcheck.FirebaseAppCheckRegistrar"
177-->[com.google.firebase:firebase-appcheck:18.0.0] AndroidManifest.xml:29:17-117
178                android:value="com.google.firebase.components.ComponentRegistrar" />
178-->[com.google.firebase:firebase-appcheck:18.0.0] AndroidManifest.xml:30:17-82
179            <meta-data
179-->[com.google.firebase:firebase-installations:18.0.0] AndroidManifest.xml:15:13-17:85
180                android:name="com.google.firebase.components:com.google.firebase.installations.FirebaseInstallationsKtxRegistrar"
180-->[com.google.firebase:firebase-installations:18.0.0] AndroidManifest.xml:16:17-130
181                android:value="com.google.firebase.components.ComponentRegistrar" />
181-->[com.google.firebase:firebase-installations:18.0.0] AndroidManifest.xml:17:17-82
182            <meta-data
182-->[com.google.firebase:firebase-installations:18.0.0] AndroidManifest.xml:18:13-20:85
183                android:name="com.google.firebase.components:com.google.firebase.installations.FirebaseInstallationsRegistrar"
183-->[com.google.firebase:firebase-installations:18.0.0] AndroidManifest.xml:19:17-127
184                android:value="com.google.firebase.components.ComponentRegistrar" />
184-->[com.google.firebase:firebase-installations:18.0.0] AndroidManifest.xml:20:17-82
185            <meta-data
185-->[com.google.firebase:firebase-common-ktx:21.0.0] AndroidManifest.xml:12:13-14:85
186                android:name="com.google.firebase.components:com.google.firebase.ktx.FirebaseCommonLegacyRegistrar"
186-->[com.google.firebase:firebase-common-ktx:21.0.0] AndroidManifest.xml:13:17-116
187                android:value="com.google.firebase.components.ComponentRegistrar" />
187-->[com.google.firebase:firebase-common-ktx:21.0.0] AndroidManifest.xml:14:17-82
188            <meta-data
188-->[com.google.firebase:firebase-common:21.0.0] AndroidManifest.xml:35:13-37:85
189                android:name="com.google.firebase.components:com.google.firebase.FirebaseCommonKtxRegistrar"
189-->[com.google.firebase:firebase-common:21.0.0] AndroidManifest.xml:36:17-109
190                android:value="com.google.firebase.components.ComponentRegistrar" />
190-->[com.google.firebase:firebase-common:21.0.0] AndroidManifest.xml:37:17-82
191            <meta-data
191-->[com.google.firebase:firebase-datatransport:18.2.0] AndroidManifest.xml:25:13-27:85
192                android:name="com.google.firebase.components:com.google.firebase.datatransport.TransportRegistrar"
192-->[com.google.firebase:firebase-datatransport:18.2.0] AndroidManifest.xml:26:17-115
193                android:value="com.google.firebase.components.ComponentRegistrar" />
193-->[com.google.firebase:firebase-datatransport:18.2.0] AndroidManifest.xml:27:17-82
194        </service>
195        <service
195-->[:firebase_messaging] AndroidManifest.xml:14:9-17:72
196            android:name="io.flutter.plugins.firebase.messaging.FlutterFirebaseMessagingBackgroundService"
196-->[:firebase_messaging] AndroidManifest.xml:15:13-107
197            android:exported="false"
197-->[:firebase_messaging] AndroidManifest.xml:16:13-37
198            android:permission="android.permission.BIND_JOB_SERVICE" />
198-->[:firebase_messaging] AndroidManifest.xml:17:13-69
199        <service
199-->[:firebase_messaging] AndroidManifest.xml:18:9-24:19
200            android:name="io.flutter.plugins.firebase.messaging.FlutterFirebaseMessagingService"
200-->[:firebase_messaging] AndroidManifest.xml:19:13-97
201            android:exported="false" >
201-->[:firebase_messaging] AndroidManifest.xml:20:13-37
202            <intent-filter>
202-->[:firebase_messaging] AndroidManifest.xml:21:13-23:29
203                <action android:name="com.google.firebase.MESSAGING_EVENT" />
203-->[:firebase_messaging] AndroidManifest.xml:22:17-78
203-->[:firebase_messaging] AndroidManifest.xml:22:25-75
204            </intent-filter>
205        </service>
206
207        <receiver
207-->[:firebase_messaging] AndroidManifest.xml:26:9-33:20
208            android:name="io.flutter.plugins.firebase.messaging.FlutterFirebaseMessagingReceiver"
208-->[:firebase_messaging] AndroidManifest.xml:27:13-98
209            android:exported="true"
209-->[:firebase_messaging] AndroidManifest.xml:28:13-36
210            android:permission="com.google.android.c2dm.permission.SEND" >
210-->[:firebase_messaging] AndroidManifest.xml:29:13-73
211            <intent-filter>
211-->[:firebase_messaging] AndroidManifest.xml:30:13-32:29
212                <action android:name="com.google.android.c2dm.intent.RECEIVE" />
212-->[:firebase_messaging] AndroidManifest.xml:31:17-81
212-->[:firebase_messaging] AndroidManifest.xml:31:25-78
213            </intent-filter>
214        </receiver>
215
216        <provider
216-->[:firebase_messaging] AndroidManifest.xml:41:9-45:38
217            android:name="io.flutter.plugins.firebase.messaging.FlutterFirebaseMessagingInitProvider"
217-->[:firebase_messaging] AndroidManifest.xml:42:13-102
218            android:authorities="com.android.see_you_in_ceu.flutterfirebasemessaginginitprovider"
218-->[:firebase_messaging] AndroidManifest.xml:43:13-88
219            android:exported="false"
219-->[:firebase_messaging] AndroidManifest.xml:44:13-37
220            android:initOrder="99" />
220-->[:firebase_messaging] AndroidManifest.xml:45:13-35
221
222        <activity
222-->[com.google.firebase:firebase-auth:23.2.0] AndroidManifest.xml:29:9-46:20
223            android:name="com.google.firebase.auth.internal.GenericIdpActivity"
223-->[com.google.firebase:firebase-auth:23.2.0] AndroidManifest.xml:30:13-80
224            android:excludeFromRecents="true"
224-->[com.google.firebase:firebase-auth:23.2.0] AndroidManifest.xml:31:13-46
225            android:exported="true"
225-->[com.google.firebase:firebase-auth:23.2.0] AndroidManifest.xml:32:13-36
226            android:launchMode="singleTask"
226-->[com.google.firebase:firebase-auth:23.2.0] AndroidManifest.xml:33:13-44
227            android:theme="@android:style/Theme.Translucent.NoTitleBar" >
227-->[com.google.firebase:firebase-auth:23.2.0] AndroidManifest.xml:34:13-72
228            <intent-filter>
228-->[com.google.firebase:firebase-auth:23.2.0] AndroidManifest.xml:35:13-45:29
229                <action android:name="android.intent.action.VIEW" />
229-->[com.google.firebase:firebase-auth:23.2.0] AndroidManifest.xml:36:17-69
229-->[com.google.firebase:firebase-auth:23.2.0] AndroidManifest.xml:36:25-66
230
231                <category android:name="android.intent.category.DEFAULT" />
231-->[com.google.firebase:firebase-auth:23.2.0] AndroidManifest.xml:38:17-76
231-->[com.google.firebase:firebase-auth:23.2.0] AndroidManifest.xml:38:27-73
232                <category android:name="android.intent.category.BROWSABLE" />
232-->[com.google.firebase:firebase-auth:23.2.0] AndroidManifest.xml:39:17-78
232-->[com.google.firebase:firebase-auth:23.2.0] AndroidManifest.xml:39:27-75
233
234                <data
234-->src\main\AndroidManifest.xml:67:13-50
235                    android:host="firebase.auth"
236                    android:path="/"
237                    android:scheme="genericidp" />
238            </intent-filter>
239        </activity>
240        <activity
240-->[com.google.firebase:firebase-auth:23.2.0] AndroidManifest.xml:47:9-64:20
241            android:name="com.google.firebase.auth.internal.RecaptchaActivity"
241-->[com.google.firebase:firebase-auth:23.2.0] AndroidManifest.xml:48:13-79
242            android:excludeFromRecents="true"
242-->[com.google.firebase:firebase-auth:23.2.0] AndroidManifest.xml:49:13-46
243            android:exported="true"
243-->[com.google.firebase:firebase-auth:23.2.0] AndroidManifest.xml:50:13-36
244            android:launchMode="singleTask"
244-->[com.google.firebase:firebase-auth:23.2.0] AndroidManifest.xml:51:13-44
245            android:theme="@android:style/Theme.Translucent.NoTitleBar" >
245-->[com.google.firebase:firebase-auth:23.2.0] AndroidManifest.xml:52:13-72
246            <intent-filter>
246-->[com.google.firebase:firebase-auth:23.2.0] AndroidManifest.xml:53:13-63:29
247                <action android:name="android.intent.action.VIEW" />
247-->[com.google.firebase:firebase-auth:23.2.0] AndroidManifest.xml:36:17-69
247-->[com.google.firebase:firebase-auth:23.2.0] AndroidManifest.xml:36:25-66
248
249                <category android:name="android.intent.category.DEFAULT" />
249-->[com.google.firebase:firebase-auth:23.2.0] AndroidManifest.xml:38:17-76
249-->[com.google.firebase:firebase-auth:23.2.0] AndroidManifest.xml:38:27-73
250                <category android:name="android.intent.category.BROWSABLE" />
250-->[com.google.firebase:firebase-auth:23.2.0] AndroidManifest.xml:39:17-78
250-->[com.google.firebase:firebase-auth:23.2.0] AndroidManifest.xml:39:27-75
251
252                <data
252-->src\main\AndroidManifest.xml:67:13-50
253                    android:host="firebase.auth"
254                    android:path="/"
255                    android:scheme="recaptcha" />
256            </intent-filter>
257        </activity>
258
259        <receiver
259-->[com.google.firebase:firebase-messaging:24.1.1] AndroidManifest.xml:29:9-40:20
260            android:name="com.google.firebase.iid.FirebaseInstanceIdReceiver"
260-->[com.google.firebase:firebase-messaging:24.1.1] AndroidManifest.xml:30:13-78
261            android:exported="true"
261-->[com.google.firebase:firebase-messaging:24.1.1] AndroidManifest.xml:31:13-36
262            android:permission="com.google.android.c2dm.permission.SEND" >
262-->[com.google.firebase:firebase-messaging:24.1.1] AndroidManifest.xml:32:13-73
263            <intent-filter>
263-->[:firebase_messaging] AndroidManifest.xml:30:13-32:29
264                <action android:name="com.google.android.c2dm.intent.RECEIVE" />
264-->[:firebase_messaging] AndroidManifest.xml:31:17-81
264-->[:firebase_messaging] AndroidManifest.xml:31:25-78
265            </intent-filter>
266
267            <meta-data
267-->[com.google.firebase:firebase-messaging:24.1.1] AndroidManifest.xml:37:13-39:40
268                android:name="com.google.android.gms.cloudmessaging.FINISHED_AFTER_HANDLED"
268-->[com.google.firebase:firebase-messaging:24.1.1] AndroidManifest.xml:38:17-92
269                android:value="true" />
269-->[com.google.firebase:firebase-messaging:24.1.1] AndroidManifest.xml:39:17-37
270        </receiver>
271        <!--
272             FirebaseMessagingService performs security checks at runtime,
273             but set to not exported to explicitly avoid allowing another app to call it.
274        -->
275        <service
275-->[com.google.firebase:firebase-messaging:24.1.1] AndroidManifest.xml:46:9-53:19
276            android:name="com.google.firebase.messaging.FirebaseMessagingService"
276-->[com.google.firebase:firebase-messaging:24.1.1] AndroidManifest.xml:47:13-82
277            android:directBootAware="true"
277-->[com.google.firebase:firebase-messaging:24.1.1] AndroidManifest.xml:48:13-43
278            android:exported="false" >
278-->[com.google.firebase:firebase-messaging:24.1.1] AndroidManifest.xml:49:13-37
279            <intent-filter android:priority="-500" >
279-->[:firebase_messaging] AndroidManifest.xml:21:13-23:29
280                <action android:name="com.google.firebase.MESSAGING_EVENT" />
280-->[:firebase_messaging] AndroidManifest.xml:22:17-78
280-->[:firebase_messaging] AndroidManifest.xml:22:25-75
281            </intent-filter>
282        </service>
283        <service
283-->[androidx.credentials:credentials-play-services-auth:1.2.0-rc01] AndroidManifest.xml:24:9-32:19
284            android:name="androidx.credentials.playservices.CredentialProviderMetadataHolder"
284-->[androidx.credentials:credentials-play-services-auth:1.2.0-rc01] AndroidManifest.xml:25:13-94
285            android:enabled="true"
285-->[androidx.credentials:credentials-play-services-auth:1.2.0-rc01] AndroidManifest.xml:26:13-35
286            android:exported="false" >
286-->[androidx.credentials:credentials-play-services-auth:1.2.0-rc01] AndroidManifest.xml:27:13-37
287            <meta-data